\BOOKMARK [1][-]{section.1}{\376\377\004\036\004\061\004\111\004\070\004\065\000\040\004\101\004\062\004\065\004\064\004\065\004\075\004\070\004\117\000.}{}% 1
\BOOKMARK [2][-]{subsection.1.1}{\376\377\004\030\004\101\004\102\004\076\004\107\004\075\004\070\004\072\004\070\000\040\004\115\004\075\004\065\004\100\004\063\004\070\004\070\000.}{section.1}% 2
\BOOKMARK [2][-]{subsection.1.2}{\376\377\004\034\004\076\004\111\004\075\004\076\004\101\004\102\004\114\000\040\004\062\004\076\004\064\004\076\004\102\004\076\004\072\004\060\000.}{section.1}% 3
\BOOKMARK [2][-]{subsection.1.3}{\376\377\004\042\004\070\004\077\004\076\004\062\004\113\004\065\000\040\004\101\004\105\004\065\004\074\004\113\000\040\004\023\004\055\004\041\000.}{section.1}% 4
\BOOKMARK [2][-]{subsection.1.4}{\376\377\004\036\004\101\004\075\004\076\004\062\004\075\004\113\004\065\000\040\004\115\004\073\004\065\004\074\004\065\004\075\004\102\004\113\000\040\004\072\004\076\004\075\004\101\004\102\004\100\004\103\004\072\004\106\004\070\004\071\000\040\004\023\004\055\004\041\000.}{section.1}% 5
\BOOKMARK [2][-]{subsection.1.5}{\376\377\004\034\004\076\004\111\004\075\004\076\004\101\004\102\004\114\000\040\004\023\004\055\004\041\000.}{section.1}% 6
\BOOKMARK [2][-]{subsection.1.6}{\376\377\004\022\004\070\004\064\004\113\000\040\004\102\004\103\004\100\004\061\004\070\004\075\000.}{section.1}% 7
\BOOKMARK [3][-]{subsubsection.1.6.1}{\376\377\004\036\004\101\004\065\004\062\004\113\004\065\000\040\004\102\004\103\004\100\004\061\004\070\004\075\004\113}{subsection.1.6}% 8
\BOOKMARK [3][-]{subsubsection.1.6.2}{\376\377\004\024\004\070\004\060\004\063\004\076\004\075\004\060\004\073\004\114\004\075\004\113\004\065\000\040\004\102\004\103\004\100\004\061\004\070\004\075\004\113}{subsection.1.6}% 9
\BOOKMARK [3][-]{subsubsection.1.6.3}{\376\377\004\040\004\060\004\064\004\070\004\060\004\073\004\114\004\075\004\076\000-\004\076\004\101\004\065\004\062\004\113\004\065\000\040\004\102\004\103\004\100\004\061\004\070\004\075\004\113\000.}{subsection.1.6}% 10
\BOOKMARK [3][-]{subsubsection.1.6.4}{\376\377\004\032\004\076\004\062\004\110\004\076\004\062\004\113\004\065\000\040\004\102\004\103\004\100\004\061\004\070\004\075\004\113\000.}{subsection.1.6}% 11
\BOOKMARK [1][-]{section.2}{\376\377\004\036\004\101\004\075\004\076\004\062\004\113\000\040\004\102\004\065\004\076\004\100\004\070\004\070\000\040\004\100\004\060\004\061\004\076\004\107\004\065\004\063\004\076\000\040\004\077\004\100\004\076\004\106\004\065\004\101\004\101\004\060\000\040\004\102\004\103\004\100\004\061\004\070\004\075\000.}{}% 12
\BOOKMARK [2][-]{subsection.2.1}{\376\377\004\037\004\076\004\102\004\076\004\072\000,\000\040\004\104\004\076\004\100\004\074\004\070\004\100\004\103\004\065\004\074\004\113\004\071\000\040\004\075\004\060\004\077\004\100\004\060\004\062\004\073\004\117\004\116\004\111\004\070\004\074\000\040\004\060\004\077\004\077\004\060\004\100\004\060\004\102\004\076\004\074\000.}{section.2}% 13
\BOOKMARK [2][-]{subsection.2.2}{\376\377\004\027\004\060\004\072\004\076\004\075\000\040\004\077\004\076\004\101\004\102\004\076\004\117\004\075\004\101\004\102\004\062\004\060\000\040\004\074\004\076\004\074\004\065\004\075\004\102\004\060\000\040\004\101\004\072\004\076\004\100\004\076\004\101\004\102\004\070\000.}{section.2}% 14
\BOOKMARK [2][-]{subsection.2.3}{\376\377\004\036\004\101\004\075\004\076\004\062\004\075\004\076\004\065\000\040\004\115\004\075\004\065\004\100\004\063\004\065\004\102\004\070\004\107\004\065\004\101\004\072\004\076\004\065\000\040\004\103\004\100\004\060\004\062\004\075\004\065\004\075\004\070\004\065\000\040\004\102\004\103\004\100\004\061\004\070\004\075\004\113}{section.2}% 15
\BOOKMARK [2][-]{subsection.2.4}{\376\377\004\036\004\102\004\062\004\076\004\064\000\040\004\066\004\070\004\064\004\072\004\076\004\101\004\102\004\070\000\040\004\076\004\102\000\040\004\102\004\103\004\100\004\061\004\070\004\075\004\113}{section.2}% 16
\BOOKMARK [3][-]{subsubsection.2.4.1}{\376\377\004\040\004\060\004\061\004\076\004\102\004\060\000\040\004\076\004\102\004\101\004\060\004\101\004\113\004\062\004\060\004\116\004\111\004\065\004\071\000\040\004\102\004\100\004\103\004\061\004\113\000.}{subsection.2.4}% 17
\BOOKMARK [3][-]{subsubsection.2.4.2}{\376\377\004\024\004\076\004\077\004\103\004\101\004\102\004\070\004\074\004\060\004\117\000\040\004\062\004\113\004\101\004\076\004\102\004\060\000\040\004\076\004\102\004\101\004\060\004\101\004\113\004\062\004\060\004\075\004\070\004\117\000.}{subsection.2.4}% 18
\BOOKMARK [1][-]{section.3}{\376\377\004\055\004\073\004\065\004\074\004\065\004\075\004\102\004\113\000\040\004\072\004\076\004\075\004\101\004\102\004\100\004\103\004\072\004\106\004\070\004\070\000\040\004\023\004\055\004\041\000.}{}% 19
\BOOKMARK [2][-]{subsection.3.1}{\376\377\004\023\004\065\004\075\004\065\004\100\004\060\004\102\004\076\004\100\000.}{section.3}% 20
\BOOKMARK [3][-]{subsubsection.3.1.1}{\376\377\004\037\004\100\004\065\004\076\004\061\004\100\004\060\004\067\004\076\004\062\004\060\004\075\004\070\004\065\000\040\004\074\004\065\004\105\004\060\004\075\004\070\004\107\004\065\004\101\004\072\004\076\004\071\000\040\004\115\004\075\004\065\004\100\004\063\004\070\004\070\000\040\004\062\000\040\004\115\004\073\004\065\004\072\004\102\004\100\004\070\004\107\004\065\004\101\004\072\004\103\004\116\000.}{subsection.3.1}% 21
\BOOKMARK [3][-]{subsubsection.3.1.2}{\376\377\004\023\004\070\004\064\004\100\004\076\004\063\004\065\004\075\004\065\004\100\004\060\004\102\004\076\004\100\000.}{subsection.3.1}% 22
\BOOKMARK [2][-]{subsection.3.2}{\376\377\004\023\004\070\004\064\004\100\004\060\004\062\004\073\004\070\004\107\004\065\004\101\004\072\004\060\004\117\000\040\004\102\004\103\004\100\004\061\004\070\004\075\004\060\000.}{section.3}% 23
\BOOKMARK [3][-]{subsubsection.3.2.1}{\376\377\004\027\004\060\004\072\004\076\004\075\004\113\000\040\004\077\004\076\004\064\004\076\004\061\004\070\004\117\000\040\004\100\004\065\004\066\004\070\004\074\004\076\004\062\000\040\004\102\004\103\004\100\004\061\004\070\004\075\000.}{subsection.3.2}% 24
\BOOKMARK [3][-]{subsubsection.3.2.2}{\376\377\004\037\004\100\004\070\004\062\004\065\004\064\004\121\004\075\004\075\004\113\004\065\000\040\004\077\004\060\004\100\004\060\004\074\004\065\004\102\004\100\004\113\000\040\004\102\004\103\004\100\004\061\004\070\004\075\000.}{subsection.3.2}% 25
\BOOKMARK [3][-]{subsubsection.3.2.3}{\376\377\004\032\004\076\004\115\004\104\004\104\004\070\004\106\004\070\004\065\004\075\004\102\000\040\004\061\004\113\004\101\004\102\004\100\004\076\004\105\004\076\004\064\004\075\004\076\004\101\004\102\004\070\000.}{subsection.3.2}% 26
\BOOKMARK [3][-]{subsubsection.3.2.4}{\376\377\004\037\004\076\004\101\004\073\004\065\004\064\004\076\004\062\004\060\004\102\004\065\004\073\004\114\004\075\004\076\004\101\004\102\004\114\000\040\004\062\004\113\004\061\004\076\004\100\004\060\000\040\004\102\004\103\004\100\004\061\004\070\004\075\004\113\000.}{subsection.3.2}% 27
\BOOKMARK [3][-]{subsubsection.3.2.5}{\376\377\004\022\004\113\004\061\004\076\004\100\000\040\004\104\004\060\004\072\004\102\004\070\004\107\004\065\004\101\004\072\004\070\004\105\000\040\004\077\004\060\004\100\004\060\004\074\004\065\004\102\004\100\004\076\004\062\000\040\004\064\004\073\004\117\000\040\004\100\004\060\004\064\004\070\004\060\004\073\004\114\004\075\004\076\000-\004\076\004\101\004\065\004\062\004\113\004\105\000\040\004\102\004\103\004\100\004\061\004\070\004\075\000.}{subsection.3.2}% 28
\BOOKMARK [3][-]{subsubsection.3.2.6}{\376\377\004\022\004\113\004\061\004\076\004\100\000\040\004\104\004\060\004\072\004\102\004\070\004\107\004\065\004\101\004\072\004\070\004\105\000\040\004\077\004\060\004\100\004\060\004\074\004\065\004\102\004\100\004\076\004\062\000\040\004\064\004\073\004\117\000\040\004\077\004\076\004\062\004\076\004\100\004\076\004\102\004\075\004\076\000\040\004\073\004\076\004\077\004\060\004\101\004\102\004\075\004\113\004\105\000\040\004\102\004\103\004\100\004\061\004\070\004\075\000.}{subsection.3.2}% 29
\BOOKMARK [2][-]{subsection.3.3}{\376\377\004\042\004\103\004\100\004\061\004\070\004\075\004\075\004\060\004\117\000\040\004\072\004\060\004\074\004\065\004\100\004\060}{section.3}% 30
\BOOKMARK [3][-]{subsubsection.3.3.1}{\376\377\004\042\004\070\004\077\004\113\000\040\004\101\004\077\004\070\004\100\004\060\004\073\004\114\004\075\004\113\004\105\000\040\004\072\004\060\004\074\004\065\004\100\000.}{subsection.3.3}% 31
\BOOKMARK [0][-]{section*.52}{\376\377\004\041\004\076\004\064\004\065\004\100\004\066\004\060\004\075\004\070\004\065}{}% 32
