This is pdfTeX, Version 3.1415926-2.4-1.40.13 (TeX Live 2012/Debian) (format=pdflatex 2013.7.26)  12 SEP 2013 23:22
entering extended mode
 restricted \write18 enabled.
 %&-line parsing enabled.
**Project.tex
(./Project.tex
LaTeX2e <2011/06/27>
Babel <v3.8m> and hyphenation patterns for english, dumylang, nohyphenation, bu
lgarian, ukrainian, russian, loaded.
(/usr/share/texlive/texmf-dist/tex/latex/base/article.cls
Document Class: article 2007/10/19 v1.4h Standard LaTeX document class
(/usr/share/texlive/texmf-dist/tex/latex/base/size12.clo
File: size12.clo 2007/10/19 v1.4h Standard LaTeX file (size option)
)
\c@part=\count79
\c@section=\count80
\c@subsection=\count81
\c@subsubsection=\count82
\c@paragraph=\count83
\c@subparagraph=\count84
\c@figure=\count85
\c@table=\count86
\abovecaptionskip=\skip41
\belowcaptionskip=\skip42
\bibindent=\dimen102
) (./packages.tex
(/usr/share/texlive/texmf-dist/tex/latex/graphics/lscape.sty
Package: lscape 2000/10/22 v3.01 Landscape Pages (DPC)

(/usr/share/texlive/texmf-dist/tex/latex/graphics/graphics.sty
Package: graphics 2009/02/05 v1.0o Standard LaTeX Graphics (DPC,SPQR)

(/usr/share/texlive/texmf-dist/tex/latex/graphics/trig.sty
Package: trig 1999/03/16 v1.09 sin cos tan (DPC)
)
(/usr/share/texlive/texmf-dist/tex/latex/latexconfig/graphics.cfg
File: graphics.cfg 2010/04/23 v1.9 graphics configuration of TeX Live
)
Package graphics Info: Driver file: pdftex.def on input line 91.

(/usr/share/texlive/texmf-dist/tex/latex/pdftex-def/pdftex.def
File: pdftex.def 2011/05/27 v0.06d Graphics/color for pdfTeX

(/usr/share/texlive/texmf-dist/tex/generic/oberdiek/infwarerr.sty
Package: infwarerr 2010/04/08 v1.3 Providing info/warning/error messages (HO)
)
(/usr/share/texlive/texmf-dist/tex/generic/oberdiek/ltxcmds.sty
Package: ltxcmds 2011/11/09 v1.22 LaTeX kernel commands for general use (HO)
)
\Gread@gobject=\count87
)))
(/usr/share/texlive/texmf-dist/tex/latex/geometry/geometry.sty
Package: geometry 2010/09/12 v5.6 Page Geometry

(/usr/share/texlive/texmf-dist/tex/latex/graphics/keyval.sty
Package: keyval 1999/03/16 v1.13 key=value parser (DPC)
\KV@toks@=\toks14
)
(/usr/share/texlive/texmf-dist/tex/generic/oberdiek/ifpdf.sty
Package: ifpdf 2011/01/30 v2.3 Provides the ifpdf switch (HO)
Package ifpdf Info: pdfTeX in PDF mode is detected.
)
(/usr/share/texlive/texmf-dist/tex/generic/oberdiek/ifvtex.sty
Package: ifvtex 2010/03/01 v1.5 Detect VTeX and its facilities (HO)
Package ifvtex Info: VTeX not detected.
)
(/usr/share/texlive/texmf-dist/tex/generic/ifxetex/ifxetex.sty
Package: ifxetex 2010/09/12 v0.6 Provides ifxetex conditional
)
\Gm@cnth=\count88
\Gm@cntv=\count89
\c@Gm@tempcnt=\count90
\Gm@bindingoffset=\dimen103
\Gm@wd@mp=\dimen104
\Gm@odd@mp=\dimen105
\Gm@even@mp=\dimen106
\Gm@layoutwidth=\dimen107
\Gm@layoutheight=\dimen108
\Gm@layouthoffset=\dimen109
\Gm@layoutvoffset=\dimen110
\Gm@dimlist=\toks15
)
(/usr/share/texlive/texmf-dist/tex/latex/cmap/cmap.sty
Package: cmap 2008/03/06 v1.0h CMap support: searchable PDF
)
(/usr/share/texlive/texmf-dist/tex/latex/base/fontenc.sty
Package: fontenc 2005/09/27 v1.99g Standard LaTeX package

(/usr/share/texlive/texmf-dist/tex/latex/cyrillic/t2aenc.def
File: t2aenc.def 2005/09/27 v1.0i Cyrillic encoding definition file
)
LaTeX Font Info:    Try loading font information for T2A+cmr on input line 100.


(/usr/share/texlive/texmf-dist/tex/latex/cyrillic/t2acmr.fd
File: t2acmr.fd 2001/08/11 v1.0a Computer Modern Cyrillic font definitions
)<<t2a.cmap>>)
(/usr/share/texlive/texmf-dist/tex/latex/base/inputenc.sty
Package: inputenc 2008/03/30 v1.1d Input encoding file
\inpenc@prehook=\toks16
\inpenc@posthook=\toks17

(/usr/share/texlive/texmf-dist/tex/latex/ucs/utf8x.def
File: utf8x.def 2004/10/17 UCS: Input encoding UTF-8
))
(/usr/share/texlive/texmf-dist/tex/latex/ucs/ucs.sty
Package: ucs 2004/10/17 UCS: Unicode input support

(/usr/share/texlive/texmf-dist/tex/latex/ucs/data/uni-global.def
File: uni-global.def 2012/04/20 UCS: Unicode global data
)
\uc@secondtry=\count91
\uc@combtoks=\toks18
\uc@combtoksb=\toks19
\uc@temptokena=\toks20
)
(/usr/share/texlive/texmf-dist/tex/generic/babel/babel.sty
Package: babel 2008/07/08 v3.8m The Babel package

(/usr/share/texlive/texmf-dist/tex/generic/babel/english.ldf
Language: english 2005/03/30 v3.3o English support from the babel system

(/usr/share/texlive/texmf-dist/tex/generic/babel/babel.def
File: babel.def 2008/07/08 v3.8m Babel common definitions
\babel@savecnt=\count92
\U@D=\dimen111
)
\l@british = a dialect from \language\l@english 
\l@UKenglish = a dialect from \language\l@english 
\l@canadian = a dialect from \language\l@american 
\l@australian = a dialect from \language\l@british 
\l@newzealand = a dialect from \language\l@british 
)
(/usr/share/texlive/texmf-dist/tex/generic/babel/russianb.ldf
Language: russianb 2008/03/21 v1.1r Russian support from the babel system
Package babel Info: Making " an active character on input line 199.
))
(/usr/share/texlive/texmf-dist/tex/latex/amscls/amsthm.sty
Package: amsthm 2009/07/02 v2.20.1
\thm@style=\toks21
\thm@bodyfont=\toks22
\thm@headfont=\toks23
\thm@notefont=\toks24
\thm@headpunct=\toks25
\thm@preskip=\skip43
\thm@postskip=\skip44
\thm@headsep=\skip45
\dth@everypar=\toks26
)
(/usr/share/texlive/texmf-dist/tex/latex/amsfonts/amsfonts.sty
Package: amsfonts 2009/06/22 v3.00 Basic AMSFonts support
\@emptytoks=\toks27
\symAMSa=\mathgroup4
\symAMSb=\mathgroup5
LaTeX Font Info:    Overwriting math alphabet `\mathfrak' in version `bold'
(Font)                  U/euf/m/n --> U/euf/b/n on input line 96.
)
(/usr/share/texlive/texmf-dist/tex/latex/amsmath/amsmath.sty
Package: amsmath 2000/07/18 v2.13 AMS math features
\@mathmargin=\skip46

For additional information on amsmath, use the `?' option.
(/usr/share/texlive/texmf-dist/tex/latex/amsmath/amstext.sty
Package: amstext 2000/06/29 v2.01

(/usr/share/texlive/texmf-dist/tex/latex/amsmath/amsgen.sty
File: amsgen.sty 1999/11/30 v2.0
\@emptytoks=\toks28
\ex@=\dimen112
))
(/usr/share/texlive/texmf-dist/tex/latex/amsmath/amsbsy.sty
Package: amsbsy 1999/11/29 v1.2d
\pmbraise@=\dimen113
)
(/usr/share/texlive/texmf-dist/tex/latex/amsmath/amsopn.sty
Package: amsopn 1999/12/14 v2.01 operator names
)
\inf@bad=\count93
LaTeX Info: Redefining \frac on input line 211.
\uproot@=\count94
\leftroot@=\count95
LaTeX Info: Redefining \overline on input line 307.
\classnum@=\count96
\DOTSCASE@=\count97
LaTeX Info: Redefining \ldots on input line 379.
LaTeX Info: Redefining \dots on input line 382.
LaTeX Info: Redefining \cdots on input line 467.
\Mathstrutbox@=\box26
\strutbox@=\box27
\big@size=\dimen114
LaTeX Font Info:    Redeclaring font encoding OML on input line 567.
LaTeX Font Info:    Redeclaring font encoding OMS on input line 568.
\macc@depth=\count98
\c@MaxMatrixCols=\count99
\dotsspace@=\muskip10
\c@parentequation=\count100
\dspbrk@lvl=\count101
\tag@help=\toks29
\row@=\count102
\column@=\count103
\maxfields@=\count104
\andhelp@=\toks30
\eqnshift@=\dimen115
\alignsep@=\dimen116
\tagshift@=\dimen117
\tagwidth@=\dimen118
\totwidth@=\dimen119
\lineht@=\dimen120
\@envbody=\toks31
\multlinegap=\skip47
\multlinetaggap=\skip48
\mathdisplay@stack=\toks32
LaTeX Info: Redefining \[ on input line 2666.
LaTeX Info: Redefining \] on input line 2667.
)
(/usr/share/texlive/texmf-dist/tex/latex/amsfonts/amssymb.sty
Package: amssymb 2009/06/22 v3.00
)
(/usr/share/texlive/texmf-dist/tex/latex/amsmath/amscd.sty
Package: amscd 1999/11/29 v1.2d
\athelp@=\toks33
\minaw@=\dimen121
\bigaw@=\dimen122
\minCDarrowwidth=\dimen123
)
(/usr/share/texlive/texmf-dist/tex/latex/tools/indentfirst.sty
Package: indentfirst 1995/11/23 v1.03 Indent first paragraph (DPC)
)
(/usr/share/texlive/texmf-dist/tex/latex/graphics/color.sty
Package: color 2005/11/14 v1.0j Standard LaTeX Color (DPC)

(/usr/share/texlive/texmf-dist/tex/latex/latexconfig/color.cfg
File: color.cfg 2007/01/18 v1.5 color configuration of teTeX/TeXLive
)
Package color Info: Driver file: pdftex.def on input line 130.
)
(/usr/share/texlive/texmf-dist/tex/latex/colortbl/colortbl.sty
Package: colortbl 2012/02/13 v1.0a Color table columns (DPC)

(/usr/share/texlive/texmf-dist/tex/latex/tools/array.sty
Package: array 2008/09/09 v2.4c Tabular extension package (FMi)
\col@sep=\dimen124
\extrarowheight=\dimen125
\NC@list=\toks34
\extratabsurround=\skip49
\backup@length=\skip50
)
\everycr=\toks35
\minrowclearance=\skip51
)
(/usr/share/texlive/texmf-dist/tex/latex/tools/longtable.sty
Package: longtable 2004/02/01 v4.11 Multi-page Table package (DPC)
\LTleft=\skip52
\LTright=\skip53
\LTpre=\skip54
\LTpost=\skip55
\LTchunksize=\count105
\LTcapwidth=\dimen126
\LT@head=\box28
\LT@firsthead=\box29
\LT@foot=\box30
\LT@lastfoot=\box31
\LT@cols=\count106
\LT@rows=\count107
\c@LT@tables=\count108
\c@LT@chunks=\count109
\LT@p@ftn=\toks36
)
(/usr/share/texlive/texmf-dist/tex/latex/multirow/multirow.sty
\bigstrutjot=\dimen127
)
(/usr/share/texlive/texmf-dist/tex/latex/makecell/makecell.sty
Package: makecell 2009/08/03 V0.1e Managing of Tab Column Heads and Cells
\rotheadsize=\dimen128
\c@nlinenum=\count110
\TeXr@lab=\toks37
)
(/usr/share/texlive/texmf-dist/tex/latex/caption/caption.sty
Package: caption 2012/02/19 v3.2f Customizing captions (AR)

(/usr/share/texlive/texmf-dist/tex/latex/caption/caption3.sty
Package: caption3 2012/01/12 v1.4b caption3 kernel (AR)
\captionmargin=\dimen129
\captionmargin@=\dimen130
\captionwidth=\dimen131
\caption@indent=\dimen132
\caption@parindent=\dimen133
\caption@hangindent=\dimen134
)
\c@ContinuedFloat=\count111
Package caption Info: longtable package is loaded.

(/usr/share/texlive/texmf-dist/tex/latex/caption/ltcaption.sty
Package: ltcaption 2011/09/12 v1.3 longtable captions (AR)
))
(/usr/share/texlive/texmf-dist/tex/latex/soul/soul.sty
Package: soul 2003/11/17 v2.4 letterspacing/underlining (mf)
\SOUL@word=\toks38
\SOUL@lasttoken=\toks39
\SOUL@cmds=\toks40
\SOUL@buffer=\toks41
\SOUL@token=\toks42
\SOUL@spaceskip=\skip56
\SOUL@ttwidth=\dimen135
\SOUL@uldp=\dimen136
\SOUL@ulht=\dimen137
)
(/usr/share/texlive/texmf-dist/tex/latex/cite/cite.sty
LaTeX Info: Redefining \cite on input line 302.
LaTeX Info: Redefining \nocite on input line 373.
Package: cite 2010/09/10  v 5.3
)
(/usr/share/texlive/texmf-dist/tex/latex/hyperref/hyperref.sty
Package: hyperref 2012/05/13 v6.82q Hypertext links for LaTeX

(/usr/share/texlive/texmf-dist/tex/generic/oberdiek/hobsub-hyperref.sty
Package: hobsub-hyperref 2012/05/28 v1.13 Bundle oberdiek, subset hyperref (HO)


(/usr/share/texlive/texmf-dist/tex/generic/oberdiek/hobsub-generic.sty
Package: hobsub-generic 2012/05/28 v1.13 Bundle oberdiek, subset generic (HO)
Package: hobsub 2012/05/28 v1.13 Construct package bundles (HO)
Package hobsub Info: Skipping package `infwarerr' (already loaded).
Package hobsub Info: Skipping package `ltxcmds' (already loaded).
Package: ifluatex 2010/03/01 v1.3 Provides the ifluatex switch (HO)
Package ifluatex Info: LuaTeX not detected.
Package hobsub Info: Skipping package `ifvtex' (already loaded).
Package: intcalc 2007/09/27 v1.1 Expandable calculations with integers (HO)
Package hobsub Info: Skipping package `ifpdf' (already loaded).
Package: etexcmds 2011/02/16 v1.5 Avoid name clashes with e-TeX commands (HO)
Package etexcmds Info: Could not find \expanded.
(etexcmds)             That can mean that you are not using pdfTeX 1.50 or
(etexcmds)             that some package has redefined \expanded.
(etexcmds)             In the latter case, load this package earlier.
Package: kvsetkeys 2012/04/25 v1.16 Key value parser (HO)
Package: kvdefinekeys 2011/04/07 v1.3 Define keys (HO)
Package: pdftexcmds 2011/11/29 v0.20 Utility functions of pdfTeX for LuaTeX (HO
)
Package pdftexcmds Info: LuaTeX not detected.
Package pdftexcmds Info: \pdf@primitive is available.
Package pdftexcmds Info: \pdf@ifprimitive is available.
Package pdftexcmds Info: \pdfdraftmode found.
Package: pdfescape 2011/11/25 v1.13 Implements pdfTeX's escape features (HO)
Package: bigintcalc 2012/04/08 v1.3 Expandable calculations on big integers (HO
)
Package: bitset 2011/01/30 v1.1 Handle bit-vector datatype (HO)
Package: uniquecounter 2011/01/30 v1.2 Provide unlimited unique counter (HO)
)
Package hobsub Info: Skipping package `hobsub' (already loaded).
Package: letltxmacro 2010/09/02 v1.4 Let assignment for LaTeX macros (HO)
Package: hopatch 2012/05/28 v1.2 Wrapper for package hooks (HO)
Package: xcolor-patch 2011/01/30 xcolor patch
Package: atveryend 2011/06/30 v1.8 Hooks at the very end of document (HO)
Package atveryend Info: \enddocument detected (standard20110627).
Package: atbegshi 2011/10/05 v1.16 At begin shipout hook (HO)
Package: refcount 2011/10/16 v3.4 Data extraction from label references (HO)
Package: hycolor 2011/01/30 v1.7 Color options for hyperref/bookmark (HO)
)
(/usr/share/texlive/texmf-dist/tex/latex/oberdiek/kvoptions.sty
Package: kvoptions 2011/06/30 v3.11 Key value format for package options (HO)
)
\@linkdim=\dimen138
\Hy@linkcounter=\count112
\Hy@pagecounter=\count113

(/usr/share/texlive/texmf-dist/tex/latex/hyperref/pd1enc.def
File: pd1enc.def 2012/05/13 v6.82q Hyperref: PDFDocEncoding definition (HO)
)
\Hy@SavedSpaceFactor=\count114
Package hyperref Info: Option `unicode' set `true' on input line 3177.

(/usr/share/texlive/texmf-dist/tex/latex/hyperref/puenc.def
File: puenc.def 2012/05/13 v6.82q Hyperref: PDF Unicode definition (HO)
)
(/usr/share/texlive/texmf-dist/tex/latex/latexconfig/hyperref.cfg
File: hyperref.cfg 2002/06/06 v1.2 hyperref configuration of TeXLive
)
Package hyperref Info: Option `plainpages' set `false' on input line 3941.
Package hyperref Info: Option `pdfpagelabels' set `false' on input line 3941.
Package hyperref Info: Option `colorlinks' set `true' on input line 3941.
Package hyperref Info: Hyper figures OFF on input line 4062.
Package hyperref Info: Link nesting OFF on input line 4067.
Package hyperref Info: Hyper index ON on input line 4070.
Package hyperref Info: Plain pages OFF on input line 4077.
Package hyperref Info: Backreferencing OFF on input line 4082.
Package hyperref Info: Implicit mode ON; LaTeX internals redefined.
Package hyperref Info: Bookmarks ON on input line 4300.
\c@Hy@tempcnt=\count115

(/usr/share/texlive/texmf-dist/tex/latex/url/url.sty
\Urlmuskip=\muskip11
Package: url 2006/04/12  ver 3.3  Verb mode for urls, etc.
)
LaTeX Info: Redefining \url on input line 4653.
\Fld@menulength=\count116
\Field@Width=\dimen139
\Fld@charsize=\dimen140
Package hyperref Info: Hyper figures OFF on input line 5773.
Package hyperref Info: Link nesting OFF on input line 5778.
Package hyperref Info: Hyper index ON on input line 5781.
Package hyperref Info: backreferencing OFF on input line 5788.
Package hyperref Info: Link coloring ON on input line 5791.
Package hyperref Info: Link coloring with OCG OFF on input line 5798.
Package hyperref Info: PDF/A mode OFF on input line 5803.
LaTeX Info: Redefining \ref on input line 5843.
LaTeX Info: Redefining \pageref on input line 5847.
\c@Item=\count117
\c@Hfootnote=\count118
)

Package hyperref Message: Driver (autodetected): hpdftex.

(/usr/share/texlive/texmf-dist/tex/latex/hyperref/hpdftex.def
File: hpdftex.def 2012/05/13 v6.82q Hyperref driver for pdfTeX
\Fld@listcount=\count119
\c@bookmark@seq@number=\count120

(/usr/share/texlive/texmf-dist/tex/latex/oberdiek/rerunfilecheck.sty
Package: rerunfilecheck 2011/04/15 v1.7 Rerun checks for auxiliary files (HO)
Package uniquecounter Info: New unique counter `rerunfilecheck' on input line 2
82.
)
\Hy@SectionHShift=\skip57
)
(/usr/share/texlive/texmf-dist/tex/latex/graphics/graphicx.sty
Package: graphicx 1999/02/16 v1.0f Enhanced LaTeX Graphics (DPC,SPQR)
\Gin@req@height=\dimen141
\Gin@req@width=\dimen142
)) (./styles.tex) (./Project.aux)
\openout1 = `Project.aux'.

LaTeX Font Info:    Checking defaults for OML/cmm/m/it on input line 6.
LaTeX Font Info:    ... okay on input line 6.
LaTeX Font Info:    Checking defaults for T1/cmr/m/n on input line 6.
LaTeX Font Info:    ... okay on input line 6.
LaTeX Font Info:    Checking defaults for OT1/cmr/m/n on input line 6.
LaTeX Font Info:    ... okay on input line 6.
LaTeX Font Info:    Checking defaults for OMS/cmsy/m/n on input line 6.
LaTeX Font Info:    ... okay on input line 6.
LaTeX Font Info:    Checking defaults for OMX/cmex/m/n on input line 6.
LaTeX Font Info:    ... okay on input line 6.
LaTeX Font Info:    Checking defaults for U/cmr/m/n on input line 6.
LaTeX Font Info:    ... okay on input line 6.
LaTeX Font Info:    Checking defaults for T2A/cmr/m/n on input line 6.
LaTeX Font Info:    ... okay on input line 6.
LaTeX Font Info:    Checking defaults for PD1/pdf/m/n on input line 6.
LaTeX Font Info:    ... okay on input line 6.
LaTeX Font Info:    Checking defaults for PU/pdf/m/n on input line 6.
LaTeX Font Info:    ... okay on input line 6.
 (/usr/share/texlive/texmf-dist/tex/context/base/supp-pdf.mkii
[Loading MPS to PDF converter (version 2006.09.02).]
\scratchcounter=\count121
\scratchdimen=\dimen143
\scratchbox=\box32
\nofMPsegments=\count122
\nofMParguments=\count123
\everyMPshowfont=\toks43
\MPscratchCnt=\count124
\MPscratchDim=\dimen144
\MPnumerator=\count125
\makeMPintoPDFobject=\count126
\everyMPtoPDFconversion=\toks44
) (/usr/share/texlive/texmf-dist/tex/latex/oberdiek/epstopdf-base.sty
Package: epstopdf-base 2010/02/09 v2.5 Base part for package epstopdf

(/usr/share/texlive/texmf-dist/tex/latex/oberdiek/grfext.sty
Package: grfext 2010/08/19 v1.1 Manage graphics extensions (HO)
)
Package grfext Info: Graphics extension search list:
(grfext)             [.png,.pdf,.jpg,.mps,.jpeg,.jbig2,.jb2,.PNG,.PDF,.JPG,.JPE
G,.JBIG2,.JB2,.eps]
(grfext)             \AppendGraphicsExtensions on input line 452.

(/usr/share/texlive/texmf-dist/tex/latex/latexconfig/epstopdf-sys.cfg
File: epstopdf-sys.cfg 2010/07/13 v1.3 Configuration of (r)epstopdf for TeX Liv
e
))
*geometry* driver: auto-detecting
*geometry* detected driver: pdftex
*geometry* verbose mode - [ preamble ] result:
* driver: pdftex
* paper: a4paper
* layout: <same size as paper>
* layoutoffset:(h,v)=(0.0pt,0.0pt)
* modes: 
* h-part:(L,W,R)=(85.35826pt, 483.69687pt, 28.45274pt)
* v-part:(T,H,B)=(56.9055pt, 731.23584pt, 56.9055pt)
* \paperwidth=597.50787pt
* \paperheight=845.04684pt
* \textwidth=483.69687pt
* \textheight=731.23584pt
* \oddsidemargin=13.08827pt
* \evensidemargin=13.08827pt
* \topmargin=-52.36449pt
* \headheight=12.0pt
* \headsep=25.0pt
* \topskip=12.0pt
* \footskip=30.0pt
* \marginparwidth=35.0pt
* \marginparsep=10.0pt
* \columnsep=10.0pt
* \skip\footins=10.8pt plus 4.0pt minus 2.0pt
* \hoffset=0.0pt
* \voffset=0.0pt
* \mag=1000
* \@twocolumnfalse
* \@twosidefalse
* \@mparswitchfalse
* \@reversemarginfalse
* (1in=72.27pt=25.4mm, 1cm=28.453pt)

(/usr/share/texlive/texmf-dist/tex/latex/ucs/ucsencs.def
File: ucsencs.def 2011/01/21 Fixes to fontencodings LGR, T3
)
Package caption Info: Begin \AtBeginDocument code.
Package caption Info: hyperref package is loaded.
Package caption Info: End \AtBeginDocument code.
\AtBeginShipoutBox=\box33
Package hyperref Info: Link coloring ON on input line 6.

(/usr/share/texlive/texmf-dist/tex/latex/hyperref/nameref.sty
Package: nameref 2010/04/30 v2.40 Cross-referencing by name of section

(/usr/share/texlive/texmf-dist/tex/generic/oberdiek/gettitlestring.sty
Package: gettitlestring 2010/12/03 v1.4 Cleanup title references (HO)
)
\c@section@level=\count127
)
LaTeX Info: Redefining \ref on input line 6.
LaTeX Info: Redefining \pageref on input line 6.
LaTeX Info: Redefining \nameref on input line 6.

(./Project.out) (./Project.out)
\@outlinefile=\write3
\openout3 = `Project.out'.

 (./names.tex) (./Project-Title.tex
(/usr/share/texlive/texmf-dist/tex/latex/ucs/data/uni-4.def
File: uni-4.def 2012/04/20 UCS: Unicode data U+0400..U+04FF
)
<images/LogoAsf.png, id=133, 70.2625pt x 109.40875pt>
File: images/LogoAsf.png Graphic file (type png)
 <use images/LogoAsf.png>
Package pdftex.def Info: images/LogoAsf.png used on input line 45.
(pdftex.def)             Requested size: 28.10449pt x 43.76271pt.

[1

{/var/lib/texmf/fonts/map/pdftex/updmap/pdftex.map} <./images/LogoAsf.png>])
(./Glava1.tex
\c@primer=\count128
<<ot1.cmap>><<oml.cmap>><<oms.cmap>><<omx.cmap>>
LaTeX Font Info:    Try loading font information for U+msa on input line 7.

(/usr/share/texlive/texmf-dist/tex/latex/amsfonts/umsa.fd
File: umsa.fd 2009/06/22 v3.00 AMS symbols A
)
LaTeX Font Info:    Try loading font information for U+msb on input line 7.

(/usr/share/texlive/texmf-dist/tex/latex/amsfonts/umsb.fd
File: umsb.fd 2009/06/22 v3.00 AMS symbols B
)pdfTeX warning (ext4): destination with the same identifier (name{page.1}) has
 been already used, duplicate ignored
<to be read again> 
                   \relax 
l.53 \item[–ì–¢–≠–°]
                     --- –≥–µ–æ—Ç–µ—Ä–º–∞–ª—å–Ω—ã–µ —ç–ª–µ–∫—Ç—Ä–æ—Å—Ç–∞–Ω—Ü...
[1]
Underfull \hbox (badness 10000) in paragraph at lines 84--86

 []


Underfull \hbox (badness 10000) in paragraph at lines 87--88

 []


Underfull \hbox (badness 10000) in paragraph at lines 89--90

 []

[2]
Underfull \hbox (badness 10000) in paragraph at lines 91--92

 []

\c@opred=\count129
[3] <images/pa.png, id=177, 366.168pt x 197.538pt>
File: images/pa.png Graphic file (type png)
 <use images/pa.png>
Package pdftex.def Info: images/pa.png used on input line 150.
(pdftex.def)             Requested size: 329.54814pt x 177.78255pt.
 [4 <./images/pa.png (PNG copy)>] [5] <images/pb.png, id=200, 344.487pt x 171.0
39pt>
File: images/pb.png Graphic file (type png)

<use images/pb.png>
Package pdftex.def Info: images/pb.png used on input line 266.
(pdftex.def)             Requested size: 310.03542pt x 153.93367pt.
 <images/pc.png, id=201, 346.4142pt x 263.0628pt>
File: images/pc.png Graphic file (type png)

<use images/pc.png>
Package pdftex.def Info: images/pc.png used on input line 287.
(pdftex.def)             Requested size: 311.76988pt x 236.75432pt.
 [6 <./images/pb.png (PNG copy)> <./images/pc.png (PNG copy)>] <images/pd.png, 
id=209, 250.0542pt x 199.4652pt>
File: images/pd.png Graphic file (type png)
 <use images/pd.png>
Package pdftex.def Info: images/pd.png used on input line 298.
(pdftex.def)             Requested size: 225.04668pt x 179.51701pt.

[7 <./images/pd.png (PNG copy)>]
<images/pe.png, id=215, 427.8384pt x 311.2428pt>
File: images/pe.png Graphic file (type png)
 <use images/pe.png>
Package pdftex.def Info: images/pe.png used on input line 347.
(pdftex.def)             Requested size: 385.051pt x 280.11592pt.

<images/pf.png, id=216, 410.9754pt x 375.3222pt>
File: images/pf.png Graphic file (type png)
 <use images/pf.png>
Package pdftex.def Info: images/pf.png used on input line 371.
(pdftex.def)             Requested size: 369.87444pt x 337.78687pt.
 [8 <./images/pe.png (PNG copy)>] <images/pj.png, id=222, 433.1382pt x 590.205p
t>
File: images/pj.png Graphic file (type png)

<use images/pj.png>
Package pdftex.def Info: images/pj.png used on input line 394.
(pdftex.def)             Requested size: 433.13715pt x 590.20355pt.
 [9 <./images/pf.png (PNG copy)>] [10 <./images/pj.png (PNG copy)>] [11] [12] [
13] <images/ph.png, id=260, 256.7994pt x 210.5466pt>
File: images/ph.png Graphic file (type png)

<use images/ph.png>
Package pdftex.def Info: images/ph.png used on input line 587.
(pdftex.def)             Requested size: 231.11731pt x 189.49017pt.
 <images/pi.png, id=261, 349.7868pt x 245.718pt>
File: images/pi.png Graphic file (type png)

<use images/pi.png>
Package pdftex.def Info: images/pi.png used on input line 596.
(pdftex.def)             Requested size: 314.8052pt x 221.14415pt.
 <images/pk.png, id=262, 263.0628pt x 193.6836pt>
File: images/pk.png Graphic file (type png)

<use images/pk.png>
Package pdftex.def Info: images/pk.png used on input line 605.
(pdftex.def)             Requested size: 236.75432pt x 174.3136pt.
 [14 <./images/ph.png (PNG copy)> <./images/pi.png (PNG copy)>] <images/pl.png,
 id=269, 357.9774pt x 313.6518pt>
File: images/pl.png Graphic file (type png)
 <use images/pl.png>
Package pdftex.def Info: images/pl.png used on input line 633.
(pdftex.def)             Requested size: 322.17667pt x 282.284pt.

<images/pm.png, id=270, 329.0694pt x 223.0734pt>
File: images/pm.png Graphic file (type png)
 <use images/pm.png>
Package pdftex.def Info: images/pm.png used on input line 655.
(pdftex.def)             Requested size: 263.25586pt x 178.45895pt.
 [15 <./images/pk.png (PNG copy)>]
Underfull \hbox (badness 10000) in paragraph at lines 660--664

 []

<images/pn.png, id=276, 341.1144pt x 251.0178pt>
File: images/pn.png Graphic file (type png)
 <use images/pn.png>
Package pdftex.def Info: images/pn.png used on input line 675.
(pdftex.def)             Requested size: 307.00009pt x 225.91393pt.
 [16 <./images/pl.png> <./images/pm.png (PNG copy)>]
<images/interb.png, id=285, 301.125pt x 263.98625pt>
File: images/interb.png Graphic file (type png)
 <use images/interb.png>
Package pdftex.def Info: images/interb.png used on input line 684.
(pdftex.def)             Requested size: 210.78606pt x 184.78911pt.

<images/po.png, id=287, 414.8298pt x 272.217pt>
File: images/po.png Graphic file (type png)
 <use images/po.png>
Package pdftex.def Info: images/po.png used on input line 691.
(pdftex.def)             Requested size: 373.34337pt x 244.99301pt.
 [17 <./images/pn.png (PNG copy)> <./images/interb.png>]
<images/pp.png, id=297, 366.6498pt x 283.2984pt>
File: images/pp.png Graphic file (type png)
 <use images/pp.png>
Package pdftex.def Info: images/pp.png used on input line 706.
(pdftex.def)             Requested size: 329.98175pt x 254.96619pt.

<images/pq.png, id=298, 344.9688pt x 318.4698pt>
File: images/pq.png Graphic file (type png)
 <use images/pq.png>
Package pdftex.def Info: images/pq.png used on input line 717.
(pdftex.def)             Requested size: 310.46904pt x 286.62016pt.
 [18 <./images/po.png (PNG copy)>] [19 <./images/pp.png (PNG copy)> <./images/p
q.png (PNG copy)>] <images/intera.png, id=315, 1027.84pt x 645.41125pt>
File: images/intera.png Graphic file (type png)

<use images/intera.png>
Package pdftex.def Info: images/intera.png used on input line 738.
(pdftex.def)             Requested size: 411.12872pt x 258.15993pt.
 [20 <./images/intera.png>]
<images/pvr.png, id=321, 177.3024pt x 176.3388pt>
File: images/pvr.png Graphic file (type png)
 <use images/pvr.png>
Package pdftex.def Info: images/pvr.png used on input line 778.
(pdftex.def)             Requested size: 159.57066pt x 158.70345pt.
 [21 <./images/pvr.png>] <images/pr.png, id=328, 406.6392pt x 416.757pt>
File: images/pr.png Graphic file (type png)

<use images/pr.png>
Package pdftex.def Info: images/pr.png used on input line 841.
(pdftex.def)             Requested size: 365.97191pt x 375.07784pt.
 <images/ps.png, id=329, 350.7504pt x 303.534pt>
File: images/ps.png Graphic file (type png)

<use images/ps.png>
Package pdftex.def Info: images/ps.png used on input line 848.
(pdftex.def)             Requested size: 315.67244pt x 273.17807pt.
 [22 <./images/pr.png (PNG copy)>]

LaTeX Warning: Command \cyra invalid in math mode on input line 895.

Missing character: There is no ‡ in font cmr8!
[23 <./images/ps.png (PNG copy)>]
<images/pt.png, id=349, 184.5294pt x 224.5188pt>
File: images/pt.png Graphic file (type png)
 <use images/pt.png>
Package pdftex.def Info: images/pt.png used on input line 928.
(pdftex.def)             Requested size: 166.07492pt x 202.06503pt.

<images/px.png, id=351, 213.9192pt x 230.3004pt>
File: images/px.png Graphic file (type png)
 <use images/px.png>
Package pdftex.def Info: images/px.png used on input line 945.
(pdftex.def)             Requested size: 171.13557pt x 184.24057pt.
 [24 <./images/pt.png (PNG copy)>] <images/py.png, id=358, 391.7034pt x 531.425
4pt>
File: images/py.png Graphic file (type png)

<use images/py.png>
Package pdftex.def Info: images/py.png used on input line 979.
(pdftex.def)             Requested size: 352.5298pt x 478.27843pt.
 <images/pz.png, id=359, 255.8358pt x 226.446pt>
File: images/pz.png Graphic file (type png)

<use images/pz.png>
Package pdftex.def Info: images/pz.png used on input line 999.
(pdftex.def)             Requested size: 230.25009pt x 203.7995pt.
 [25 <./images/px.png (PNG copy)>] [26 <./images/py.png (PNG copy)>] [27 <./ima
ges/pz.png>]
<images/ppa.png, id=384, 265.9536pt x 284.7438pt>
File: images/ppa.png Graphic file (type png)
 <use images/ppa.png>
Package pdftex.def Info: images/ppa.png used on input line 1080.
(pdftex.def)             Requested size: 239.35602pt x 256.26704pt.

<images/ppb.png, id=386, 453.3738pt x 334.3692pt>
File: images/ppb.png Graphic file (type png)
 <use images/ppb.png>
Package pdftex.def Info: images/ppb.png used on input line 1103.
(pdftex.def)             Requested size: 408.03264pt x 300.92949pt.
 [28 <./images/ppa.png (PNG copy)>] [29 <./images/ppb.png (PNG copy)>] [30] [31
]
<images/ppc.png, id=438, 424.4658pt x 251.9814pt>
File: images/ppc.png Graphic file (type png)
 <use images/ppc.png>
Package pdftex.def Info: images/ppc.png used on input line 1307.
(pdftex.def)             Requested size: 382.01569pt x 226.78116pt.
 [32 <./images/ppc.png>] [33] [34] [35] [36] [37] [38]
<images/ppd.png, id=503, 446.1468pt x 248.6088pt>
File: images/ppd.png Graphic file (type png)
 <use images/ppd.png>
Package pdftex.def Info: images/ppd.png used on input line 1671.
(pdftex.def)             Requested size: 356.91794pt x 198.88728pt.

<images/ppe.png, id=504, 403.2666pt x 236.082pt>
File: images/ppe.png Graphic file (type png)
 <use images/ppe.png>
Package pdftex.def Info: images/ppe.png used on input line 1679.
(pdftex.def)             Requested size: 322.61371pt x 188.86584pt.

<images/ppf.png, id=505, 309.7974pt x 203.8014pt>
File: images/ppf.png Graphic file (type png)
 <use images/ppf.png>
Package pdftex.def Info: images/ppf.png used on input line 1687.
(pdftex.def)             Requested size: 247.83824pt x 163.04132pt.
 [39 <./images/ppd.png (PNG copy)>] [40 <./images/ppe.png (PNG copy)> <./images
/ppf.png (PNG copy)>] <images/ppj.png, id=518, 746.79pt x 608.2725pt>
File: images/ppj.png Graphic file (type png)

<use images/ppj.png>
Package pdftex.def Info: images/ppj.png used on input line 1737.
(pdftex.def)             Requested size: 336.05238pt x 273.7201pt.
 [41 <./images/ppj.png (PNG copy)>]
<images/pph.png, id=531, 290.5254pt x 314.6154pt>
File: images/pph.png Graphic file (type png)
 <use images/pph.png>
Package pdftex.def Info: images/pph.png used on input line 1750.
(pdftex.def)             Requested size: 261.47044pt x 283.15123pt.

<images/ppi.png, id=532, 498.663pt x 506.3718pt>
File: images/ppi.png Graphic file (type png)
 <use images/ppi.png>
Package pdftex.def Info: images/ppi.png used on input line 1761.
(pdftex.def)             Requested size: 448.79254pt x 455.7304pt.
 [42 <./images/pph.png>] <images/ppk.png, id=542, 532.389pt x 431.211pt>
File: images/ppk.png Graphic file (type png)

<use images/ppk.png>
Package pdftex.def Info: images/ppk.png used on input line 1772.
(pdftex.def)             Requested size: 479.14568pt x 388.08632pt.
 [43 <./images/ppi.png (PNG copy)>] [44 <./images/ppk.png>] [45] [46] [47] [48]
 [49] [50] [51] [52] [53] [54] [55] [56]
<images/ppl.png, id=695, 734.745pt x 552.6246pt>
File: images/ppl.png Graphic file (type png)
 <use images/ppl.png>
Package pdftex.def Info: images/ppl.png used on input line 2570.
(pdftex.def)             Requested size: 609.8382pt x 458.6783pt.
 [57 <./images/ppl.png (PNG copy)>] [58


] [59

] [60

] [61] [62] [63] [64

] [65

] [66] [67])
(./Glava2.tex [68] <images/ppm.png, id=792, 478.9092pt x 398.4486pt>
File: images/ppm.png Graphic file (type png)

<use images/ppm.png>
Package pdftex.def Info: images/ppm.png used on input line 26.
(pdftex.def)             Requested size: 431.01428pt x 358.60042pt.
 <images/interc.jpg, id=793, 803.0pt x 536.0025pt>
File: images/interc.jpg Graphic file (type jpg)

<use images/interc.jpg>
Package pdftex.def Info: images/interc.jpg used on input line 37.
(pdftex.def)             Requested size: 481.80373pt x 321.60397pt.
 [69 <./images/ppm.png (PNG copy)>]
File: images/LogoAsf.png Graphic file (type png)

<use images/LogoAsf.png>
Package pdftex.def Info: images/LogoAsf.png used on input line 69.
(pdftex.def)             Requested size: 63.23564pt x 98.46693pt.
 [70 <./images/interc.jpg>]
Underfull \hbox (badness 10000) in paragraph at lines 91--91

 []

File: images/LogoAsf.png Graphic file (type png)
<use images/LogoAsf.png>
Package pdftex.def Info: images/LogoAsf.png used on input line 96.
(pdftex.def)             Requested size: 63.23564pt x 98.46693pt.
 [71] [72]
File: images/LogoAsf.png Graphic file (type png)
 <use images/LogoAsf.png>
Package pdftex.def Info: images/LogoAsf.png used on input line 175.
(pdftex.def)             Requested size: 63.23564pt x 98.46693pt.
 [73] [74]
File: images/LogoAsf.png Graphic file (type png)

<use images/LogoAsf.png>
Package pdftex.def Info: images/LogoAsf.png used on input line 272.
(pdftex.def)             Requested size: 35.13115pt x 54.70422pt.
) [75] (./Project.toc)
\tf@toc=\write4
\openout4 = `Project.toc'.

Package atveryend Info: Empty hook `BeforeClearDocument' on input line 17.
 [76]
Package atveryend Info: Empty hook `AfterLastShipout' on input line 17.
 (./Project.aux)
Package atveryend Info: Empty hook `AtVeryEndDocument' on input line 17.
Package atveryend Info: Executing hook `AtEndAfterFileList' on input line 17.
Package rerunfilecheck Info: File `Project.out' has not changed.
(rerunfilecheck)             Checksum: 04CB5D4B8EEAD1CC59579CA3842B7936;8672.
Package atveryend Info: Empty hook `AtVeryVeryEnd' on input line 17.
 ) 
Here is how much of TeX's memory you used:
 11624 strings out of 494816
 160695 string characters out of 3177878
 279963 words of memory out of 3000000
 14267 multiletter control sequences out of 15000+200000
 25084 words of font info for 59 fonts, out of 3000000 for 9000
 198 hyphenation exceptions out of 8191
 38i,16n,38p,3857b,639s stack positions out of 5000i,500n,10000p,200000b,50000s
 </home/sasha/.texmf-var/fonts/pk/ljfour/lh/lh-t2a/labx1000.600pk> </home/sas
ha/.texmf-var/fonts/pk/ljfour/lh/lh-t2a/larm0600.600pk> </home/sasha/.texmf-var
/fonts/pk/ljfour/lh/lh-t2a/labi1200.600pk> </home/sasha/.texmf-var/fonts/pk/ljf
our/lh/lh-t2a/lati0800.600pk> </home/sasha/.texmf-var/fonts/pk/ljfour/lh/lh-t2a
/larm1000.600pk> </home/sasha/.texmf-var/fonts/pk/ljfour/lh/lh-t2a/larm0700.600
pk> </home/sasha/.texmf-var/fonts/pk/ljfour/lh/lh-t2a/larm0800.600pk> </home/sa
sha/.texmf-var/fonts/pk/ljfour/lh/lh-t2a/lati1200.600pk> </home/sasha/.texmf-va
r/fonts/pk/ljfour/lh/lh-t2a/labx1200.600pk> </home/sasha/.texmf-var/fonts/pk/lj
four/lh/lh-t2a/labx1440.600pk> </home/sasha/.texmf-var/fonts/pk/ljfour/lh/lh-t2
a/labx1728.600pk> </home/sasha/.texmf-var/fonts/pk/ljfour/lh/lh-t2a/laxc1200.60
0pk> </home/sasha/.texmf-var/fonts/pk/ljfour/lh/lh-t2a/larm1200.600pk></usr/sha
re/texlive/texmf-dist/fonts/type1/public/amsfonts/cm/cmex10.pfb></usr/share/tex
live/texmf-dist/fonts/type1/public/amsfonts/cm/cmmi10.pfb></usr/share/texlive/t
exmf-dist/fonts/type1/public/amsfonts/cm/cmmi12.pfb></usr/share/texlive/texmf-d
ist/fonts/type1/public/amsfonts/cm/cmmi6.pfb></usr/share/texlive/texmf-dist/fon
ts/type1/public/amsfonts/cm/cmmi7.pfb></usr/share/texlive/texmf-dist/fonts/type
1/public/amsfonts/cm/cmmi8.pfb></usr/share/texlive/texmf-dist/fonts/type1/publi
c/amsfonts/cm/cmr10.pfb></usr/share/texlive/texmf-dist/fonts/type1/public/amsfo
nts/cm/cmr12.pfb></usr/share/texlive/texmf-dist/fonts/type1/public/amsfonts/cm/
cmr6.pfb></usr/share/texlive/texmf-dist/fonts/type1/public/amsfonts/cm/cmr7.pfb
></usr/share/texlive/texmf-dist/fonts/type1/public/amsfonts/cm/cmr8.pfb></usr/s
hare/texlive/texmf-dist/fonts/type1/public/amsfonts/cm/cmsy10.pfb></usr/share/t
exlive/texmf-dist/fonts/type1/public/amsfonts/cm/cmsy6.pfb></usr/share/texlive/
texmf-dist/fonts/type1/public/amsfonts/cm/cmsy7.pfb></usr/share/texlive/texmf-d
ist/fonts/type1/public/amsfonts/cm/cmsy8.pfb></usr/share/texlive/texmf-dist/fon
ts/type1/public/amsfonts/symbols/msam10.pfb>
Output written on Project.pdf (77 pages, 10765090 bytes).
PDF statistics:
 1570 PDF objects out of 1728 (max. 8388607)
 885 compressed objects within 9 object streams
 264 named destinations out of 1000 (max. 500000)
 472 words of extra memory for PDF output out of 10000 (max. 10000000)

